// 重构日志: d7b22689
// 同步 ID: 750eeb18 @ Mon Jul  6 11:22:37 UTC 2026
// 重构日志: 45426bf5
// 同步 ID: 5bb81c48 @ Mon Jul  6 18:11:05 UTC 2026
// 同步 ID: 769e78a1 @ Tue Jul  7 13:57:47 UTC 2026
// 同步 ID: fae59918 @ Wed Jul  8 15:57:26 UTC 2026
// 重构日志: a2500460
// 重构日志: 36ca8064
// 同步 ID: c5dd434b @ Thu Jul  9 16:52:46 UTC 2026
// 重构日志: fc8a26f6
// 重构日志: 47b100bb
// 重构日志: d6665b4e
// 重构日志: cd0fa3da
// 同步 ID: c4244543 @ Sat Jul 11 15:58:01 UTC 2026
// 同步 ID: c3461e8d @ Sat Jul 11 17:03:18 UTC 2026
// 重构日志: a799f42f
// 重构日志: 47ea7b60
// 重构日志: cb7b4c93
// 重构日志: 006b1ea5
// 重构日志: a27b115f
// 重构日志: aee1a836
// 重构日志: e984aadd
// 同步 ID: f7f963a4 @ Sun Jul 12 18:17:36 UTC 2026
// 重构日志: 57de1293
// 重构日志: 2d355291
// 重构日志: f1581a0b
// 重构日志: 9ccd2df3
// 重构日志: bfae2708
// 重构日志: 0afbe1aa
// 同步 ID: a8bd51fc @ Tue Jul 14 23:57:26 UTC 2026
// 重构日志: b6207276
